2024-12-01 23:30:04,372 - System Monitoring Started
2024-12-01 23:30:05,378 - Network Usage: 197.18 MB Sent | 3134.49 MB Received
2024-12-08 01:17:14,254 - System Monitoring Started
2024-12-08 01:17:15,260 - Network Usage: 9.40 MB Sent | 170.00 MB Received
2024-12-08 01:38:30,609 - System Monitoring Started
2024-12-08 01:38:31,611 - Network Usage: 17.04 MB Sent | 565.47 MB Received
2024-12-08 01:57:36,125 - System Monitoring Started
2024-12-08 01:57:37,131 - Network Usage: 17.54 MB Sent | 566.20 MB Received
2024-12-08 01:59:00,297 - System Monitoring Started
2024-12-08 01:59:01,303 - Network Usage: 17.59 MB Sent | 566.25 MB Received
2024-12-08 01:59:01,337 - ALERT: Process 'Code Helper (Renderer)' (PID: 1130) using 55.3% CPU
2024-12-08 01:59:01,338 - ALERT: Process 'python3.12' (PID: 1666) using 99.7% CPU
2024-12-08 01:59:07,350 - Network Usage: 17.60 MB Sent | 566.25 MB Received
2024-12-08 01:59:07,406 - ALERT: Process 'python3.12' (PID: 1666) using 99.8% CPU
2024-12-08 01:59:13,418 - Network Usage: 17.60 MB Sent | 566.26 MB Received
2024-12-08 01:59:13,474 - ALERT: Process 'python3.12' (PID: 1666) using 99.6% CPU
2024-12-08 01:59:19,486 - Network Usage: 17.60 MB Sent | 566.26 MB Received
2024-12-08 01:59:19,542 - ALERT: Process 'python3.12' (PID: 1666) using 99.7% CPU
2024-12-08 01:59:25,553 - Network Usage: 17.60 MB Sent | 566.26 MB Received
2024-12-08 01:59:25,587 - ALERT: Process 'python3.12' (PID: 1666) using 100.0% CPU
2024-12-08 01:59:59,602 - System Monitoring Started
2024-12-08 02:00:00,607 - Network Usage: 17.62 MB Sent | 566.27 MB Received
2024-12-08 02:00:06,637 - Network Usage: 17.63 MB Sent | 566.28 MB Received
2024-12-08 02:00:12,680 - Network Usage: 17.63 MB Sent | 566.28 MB Received
2024-12-08 02:00:18,720 - Network Usage: 17.63 MB Sent | 566.28 MB Received
2024-12-08 02:00:24,763 - Network Usage: 17.63 MB Sent | 566.28 MB Received
2024-12-08 02:00:30,803 - Network Usage: 17.63 MB Sent | 566.29 MB Received
2024-12-08 02:00:36,839 - Network Usage: 17.63 MB Sent | 566.29 MB Received
2024-12-08 02:00:42,878 - Network Usage: 17.63 MB Sent | 566.29 MB Received
2024-12-08 02:00:48,920 - Network Usage: 17.63 MB Sent | 566.29 MB Received
2024-12-08 02:00:54,960 - Network Usage: 17.63 MB Sent | 566.29 MB Received
2024-12-08 02:01:01,003 - Network Usage: 17.63 MB Sent | 566.29 MB Received
2024-12-08 02:01:07,049 - Network Usage: 17.63 MB Sent | 566.29 MB Received
2024-12-08 02:01:13,087 - Network Usage: 17.64 MB Sent | 566.29 MB Received
2024-12-08 02:01:19,132 - Network Usage: 17.64 MB Sent | 566.29 MB Received
2024-12-08 02:01:25,179 - Network Usage: 17.64 MB Sent | 566.34 MB Received
2024-12-08 02:01:31,224 - Network Usage: 17.65 MB Sent | 566.35 MB Received
2024-12-08 02:01:37,271 - Network Usage: 17.73 MB Sent | 578.14 MB Received
2024-12-08 02:01:43,316 - Network Usage: 17.82 MB Sent | 579.72 MB Received
2024-12-08 02:01:49,367 - Network Usage: 18.17 MB Sent | 586.06 MB Received
2024-12-08 02:01:55,417 - Network Usage: 18.33 MB Sent | 587.42 MB Received
2024-12-08 02:02:01,467 - Network Usage: 18.35 MB Sent | 588.12 MB Received
2024-12-08 02:02:07,517 - Network Usage: 18.42 MB Sent | 589.16 MB Received
2024-12-08 02:02:13,563 - Network Usage: 18.51 MB Sent | 590.75 MB Received
2024-12-08 02:02:19,612 - Network Usage: 18.56 MB Sent | 591.70 MB Received
2024-12-08 02:02:25,660 - Network Usage: 18.59 MB Sent | 592.73 MB Received
2024-12-08 02:02:31,707 - Network Usage: 18.60 MB Sent | 593.43 MB Received
2024-12-08 02:02:37,753 - Network Usage: 18.61 MB Sent | 594.09 MB Received
2024-12-08 02:02:43,802 - Network Usage: 18.63 MB Sent | 594.48 MB Received
2024-12-08 02:02:49,849 - Network Usage: 18.64 MB Sent | 595.04 MB Received
2024-12-08 02:02:55,899 - Network Usage: 18.74 MB Sent | 596.01 MB Received
2024-12-08 02:03:01,942 - Network Usage: 18.75 MB Sent | 596.73 MB Received
2024-12-08 02:03:07,988 - Network Usage: 18.81 MB Sent | 597.64 MB Received
2024-12-08 02:03:14,034 - Network Usage: 18.85 MB Sent | 598.20 MB Received
2024-12-08 02:03:20,081 - Network Usage: 18.89 MB Sent | 599.24 MB Received
2024-12-08 02:03:26,132 - Network Usage: 18.98 MB Sent | 600.33 MB Received
2024-12-08 02:03:32,176 - Network Usage: 19.02 MB Sent | 601.21 MB Received
2024-12-08 02:03:38,225 - Network Usage: 19.02 MB Sent | 601.21 MB Received
2024-12-08 02:03:44,275 - Network Usage: 19.04 MB Sent | 601.97 MB Received
2024-12-08 02:03:50,325 - Network Usage: 19.04 MB Sent | 601.97 MB Received
2024-12-08 02:03:56,376 - Network Usage: 19.06 MB Sent | 602.77 MB Received
2024-12-08 02:04:02,419 - Network Usage: 19.12 MB Sent | 603.36 MB Received
2024-12-08 02:04:08,456 - Network Usage: 19.17 MB Sent | 603.94 MB Received
2024-12-08 02:04:14,504 - Network Usage: 19.20 MB Sent | 604.85 MB Received
2024-12-08 02:04:20,545 - Network Usage: 19.20 MB Sent | 604.86 MB Received
2024-12-08 02:04:26,594 - Network Usage: 19.23 MB Sent | 605.46 MB Received
2024-12-08 02:04:32,632 - Network Usage: 19.25 MB Sent | 606.26 MB Received
2024-12-08 02:04:38,682 - Network Usage: 19.37 MB Sent | 607.33 MB Received
2024-12-08 02:04:44,734 - Network Usage: 19.40 MB Sent | 607.83 MB Received
2024-12-08 02:04:50,776 - Network Usage: 19.41 MB Sent | 608.43 MB Received
2024-12-08 02:04:56,820 - Network Usage: 19.45 MB Sent | 608.51 MB Received
2024-12-08 02:05:02,861 - Network Usage: 19.50 MB Sent | 609.12 MB Received
2024-12-08 02:05:08,905 - Network Usage: 19.61 MB Sent | 609.23 MB Received
2024-12-08 02:05:14,950 - Network Usage: 19.61 MB Sent | 609.23 MB Received
2024-12-08 02:05:20,998 - Network Usage: 19.75 MB Sent | 612.26 MB Received
2024-12-08 02:05:27,048 - Network Usage: 19.76 MB Sent | 612.27 MB Received
2024-12-08 02:05:33,092 - Network Usage: 19.77 MB Sent | 612.27 MB Received
2024-12-08 02:05:39,138 - Network Usage: 19.85 MB Sent | 612.95 MB Received
2024-12-08 02:05:45,190 - Network Usage: 19.86 MB Sent | 612.95 MB Received
2024-12-08 02:05:51,236 - Network Usage: 19.86 MB Sent | 612.95 MB Received
2024-12-08 02:05:57,275 - Network Usage: 19.86 MB Sent | 612.95 MB Received
2024-12-08 02:06:03,324 - Network Usage: 19.86 MB Sent | 612.95 MB Received
2024-12-08 02:06:09,371 - Network Usage: 19.92 MB Sent | 613.20 MB Received
2024-12-08 02:06:15,419 - Network Usage: 19.92 MB Sent | 613.21 MB Received
2024-12-08 02:06:21,464 - Network Usage: 20.01 MB Sent | 613.44 MB Received
2024-12-08 02:06:27,513 - Network Usage: 20.02 MB Sent | 613.50 MB Received
2024-12-08 02:06:33,559 - Network Usage: 20.08 MB Sent | 613.67 MB Received
2024-12-08 02:06:39,599 - Network Usage: 20.12 MB Sent | 613.77 MB Received
2024-12-08 02:06:45,649 - Network Usage: 20.18 MB Sent | 613.95 MB Received
2024-12-08 02:06:51,691 - Network Usage: 20.21 MB Sent | 613.96 MB Received
2024-12-08 02:06:57,741 - Network Usage: 20.32 MB Sent | 614.40 MB Received
2024-12-08 02:07:03,779 - Network Usage: 20.47 MB Sent | 615.29 MB Received
2024-12-08 02:07:09,831 - Network Usage: 20.48 MB Sent | 615.30 MB Received
2024-12-08 02:07:15,882 - Network Usage: 20.56 MB Sent | 616.79 MB Received
2024-12-08 02:07:21,919 - Network Usage: 20.64 MB Sent | 617.51 MB Received
2024-12-08 02:07:27,964 - Network Usage: 20.71 MB Sent | 618.31 MB Received
2024-12-08 02:07:34,011 - Network Usage: 20.79 MB Sent | 619.07 MB Received
2024-12-08 02:07:40,064 - Network Usage: 20.81 MB Sent | 619.48 MB Received
2024-12-08 02:07:46,109 - Network Usage: 20.81 MB Sent | 619.49 MB Received
2024-12-08 02:07:52,154 - Network Usage: 20.83 MB Sent | 620.21 MB Received
2024-12-08 02:07:58,202 - Network Usage: 20.83 MB Sent | 620.21 MB Received
2024-12-08 02:08:04,244 - Network Usage: 20.85 MB Sent | 620.96 MB Received
2024-12-08 02:08:10,289 - Network Usage: 20.86 MB Sent | 621.39 MB Received
2024-12-08 02:08:16,334 - Network Usage: 20.88 MB Sent | 621.85 MB Received
2024-12-08 02:08:22,377 - Network Usage: 20.89 MB Sent | 622.29 MB Received
2024-12-08 02:08:28,424 - Network Usage: 20.99 MB Sent | 623.77 MB Received
2024-12-08 02:08:34,474 - Network Usage: 21.02 MB Sent | 624.49 MB Received
2024-12-08 02:08:40,525 - Network Usage: 21.08 MB Sent | 625.12 MB Received
2024-12-08 02:08:46,574 - Network Usage: 21.17 MB Sent | 625.95 MB Received
2024-12-08 02:08:52,620 - Network Usage: 21.23 MB Sent | 626.45 MB Received
2024-12-08 02:08:58,669 - Network Usage: 21.24 MB Sent | 626.88 MB Received
2024-12-08 02:09:04,716 - Network Usage: 21.30 MB Sent | 626.97 MB Received
2024-12-08 02:09:10,766 - Network Usage: 21.31 MB Sent | 627.21 MB Received
2024-12-08 02:09:16,807 - Network Usage: 21.32 MB Sent | 627.26 MB Received
2024-12-08 02:09:22,856 - Network Usage: 21.42 MB Sent | 628.24 MB Received
2024-12-08 02:09:28,902 - Network Usage: 21.54 MB Sent | 628.62 MB Received
2024-12-08 02:09:34,945 - Network Usage: 21.56 MB Sent | 628.89 MB Received
2024-12-08 02:09:40,984 - Network Usage: 21.57 MB Sent | 629.19 MB Received
2024-12-08 02:09:47,026 - Network Usage: 21.58 MB Sent | 629.39 MB Received
2024-12-08 02:09:53,066 - Network Usage: 21.60 MB Sent | 629.46 MB Received
2024-12-08 02:09:59,108 - Network Usage: 21.61 MB Sent | 629.78 MB Received
2024-12-08 02:10:05,151 - Network Usage: 21.62 MB Sent | 629.91 MB Received
2024-12-08 02:10:11,195 - Network Usage: 21.63 MB Sent | 630.21 MB Received
2024-12-08 02:10:17,241 - Network Usage: 21.70 MB Sent | 631.44 MB Received
2024-12-08 02:10:23,285 - Network Usage: 21.73 MB Sent | 631.85 MB Received
2024-12-08 02:10:29,332 - Network Usage: 21.74 MB Sent | 631.91 MB Received
2024-12-08 02:10:35,380 - Network Usage: 21.76 MB Sent | 632.30 MB Received
2024-12-08 02:10:41,422 - Network Usage: 21.84 MB Sent | 632.72 MB Received
2024-12-08 02:10:47,472 - Network Usage: 21.85 MB Sent | 632.82 MB Received
2024-12-08 02:10:53,521 - Network Usage: 21.86 MB Sent | 633.05 MB Received
2024-12-08 02:10:59,567 - Network Usage: 21.88 MB Sent | 633.35 MB Received
2024-12-08 02:11:05,616 - Network Usage: 22.04 MB Sent | 634.63 MB Received
2024-12-08 02:11:11,656 - Network Usage: 22.12 MB Sent | 635.04 MB Received
2024-12-08 02:11:17,700 - Network Usage: 22.16 MB Sent | 635.34 MB Received
2024-12-08 02:11:23,750 - Network Usage: 22.25 MB Sent | 636.68 MB Received
2024-12-08 02:11:29,798 - Network Usage: 22.26 MB Sent | 636.69 MB Received
2024-12-08 02:11:35,848 - Network Usage: 22.26 MB Sent | 636.69 MB Received
2024-12-08 02:11:41,897 - Network Usage: 22.27 MB Sent | 636.70 MB Received
2024-12-08 02:11:47,946 - Network Usage: 22.33 MB Sent | 637.42 MB Received
2024-12-08 02:11:53,990 - Network Usage: 22.38 MB Sent | 638.21 MB Received
2024-12-08 02:12:00,038 - Network Usage: 22.47 MB Sent | 638.43 MB Received
2024-12-08 02:12:06,082 - Network Usage: 22.47 MB Sent | 638.43 MB Received
2024-12-08 02:12:12,127 - Network Usage: 22.47 MB Sent | 638.43 MB Received
2024-12-08 02:12:18,177 - Network Usage: 22.47 MB Sent | 638.43 MB Received
2024-12-08 02:12:24,223 - Network Usage: 22.48 MB Sent | 638.44 MB Received
2024-12-08 02:12:30,273 - Network Usage: 22.49 MB Sent | 638.44 MB Received
2024-12-08 02:12:36,321 - Network Usage: 22.49 MB Sent | 638.44 MB Received
2024-12-08 02:12:42,365 - Network Usage: 22.51 MB Sent | 638.60 MB Received
2024-12-08 02:12:48,415 - Network Usage: 22.51 MB Sent | 638.60 MB Received
2024-12-08 02:12:54,463 - Network Usage: 22.51 MB Sent | 638.60 MB Received
2024-12-08 02:13:00,509 - Network Usage: 22.52 MB Sent | 638.63 MB Received
2024-12-08 02:13:06,547 - Network Usage: 22.52 MB Sent | 638.64 MB Received
2024-12-08 02:13:12,596 - Network Usage: 22.57 MB Sent | 643.46 MB Received
2024-12-08 02:13:18,638 - Network Usage: 22.59 MB Sent | 643.89 MB Received
2024-12-08 02:13:24,686 - Network Usage: 22.73 MB Sent | 644.68 MB Received
2024-12-08 02:13:30,731 - Network Usage: 22.80 MB Sent | 645.37 MB Received
2024-12-08 02:13:36,782 - Network Usage: 22.81 MB Sent | 645.52 MB Received
2024-12-08 02:13:42,826 - Network Usage: 22.83 MB Sent | 646.06 MB Received
2024-12-08 02:13:48,870 - Network Usage: 22.84 MB Sent | 646.65 MB Received
2024-12-08 02:13:54,914 - Network Usage: 22.85 MB Sent | 647.04 MB Received
2024-12-08 02:14:00,960 - Network Usage: 22.86 MB Sent | 647.21 MB Received
2024-12-08 02:14:07,005 - Network Usage: 22.87 MB Sent | 647.41 MB Received
2024-12-08 02:14:13,051 - Network Usage: 22.88 MB Sent | 647.89 MB Received
2024-12-08 02:14:19,100 - Network Usage: 22.90 MB Sent | 648.24 MB Received
2024-12-08 02:14:25,150 - Network Usage: 22.90 MB Sent | 648.38 MB Received
2024-12-08 02:14:31,195 - Network Usage: 22.91 MB Sent | 648.69 MB Received
2024-12-08 02:14:37,238 - Network Usage: 22.93 MB Sent | 648.90 MB Received
2024-12-08 02:14:43,287 - Network Usage: 23.04 MB Sent | 650.10 MB Received
2024-12-08 02:14:49,334 - Network Usage: 23.05 MB Sent | 650.44 MB Received
2024-12-08 02:14:55,370 - Network Usage: 23.08 MB Sent | 650.74 MB Received
2024-12-08 02:15:01,420 - Network Usage: 23.10 MB Sent | 650.97 MB Received
2024-12-08 02:15:07,469 - Network Usage: 23.11 MB Sent | 651.36 MB Received
2024-12-08 02:15:13,501 - Network Usage: 23.12 MB Sent | 651.65 MB Received
2024-12-08 02:15:19,547 - Network Usage: 23.13 MB Sent | 651.99 MB Received
2024-12-08 02:15:25,590 - Network Usage: 23.14 MB Sent | 652.19 MB Received
2024-12-08 02:15:31,627 - Network Usage: 23.15 MB Sent | 652.78 MB Received
2024-12-08 02:15:37,675 - Network Usage: 23.16 MB Sent | 653.16 MB Received
2024-12-08 02:15:43,721 - Network Usage: 23.17 MB Sent | 653.53 MB Received
2024-12-08 02:15:49,771 - Network Usage: 23.20 MB Sent | 653.94 MB Received
2024-12-08 02:15:55,813 - Network Usage: 23.22 MB Sent | 654.08 MB Received
2024-12-08 02:16:01,850 - Network Usage: 23.24 MB Sent | 654.38 MB Received
2024-12-08 02:16:07,901 - Network Usage: 23.25 MB Sent | 655.29 MB Received
2024-12-08 02:16:13,946 - Network Usage: 23.27 MB Sent | 655.42 MB Received
2024-12-08 02:16:19,996 - Network Usage: 23.29 MB Sent | 655.83 MB Received
2024-12-08 02:16:26,043 - Network Usage: 23.33 MB Sent | 656.08 MB Received
2024-12-08 02:16:32,093 - Network Usage: 23.35 MB Sent | 656.60 MB Received
2024-12-08 02:16:36,793 - System Monitoring Stopped by User
2024-12-08 10:04:06,344 - System Monitoring Started
2024-12-08 10:04:07,348 - Network Usage: 8.08 MB Sent | 167.24 MB Received
2024-12-08 10:04:13,394 - Network Usage: 8.12 MB Sent | 168.94 MB Received
2024-12-08 10:04:19,436 - Network Usage: 8.12 MB Sent | 168.95 MB Received
2024-12-08 10:04:25,464 - Network Usage: 8.16 MB Sent | 170.87 MB Received
2024-12-08 10:04:28,697 - System Monitoring Stopped by User
2024-12-08 10:05:47,662 - System Monitoring Started
2024-12-08 10:05:48,666 - Network Usage: 8.53 MB Sent | 183.29 MB Received
2024-12-08 10:05:52,692 - Network Usage: 8.55 MB Sent | 183.49 MB Received
2024-12-08 10:05:56,738 - Network Usage: 8.56 MB Sent | 183.76 MB Received
2024-12-08 10:06:00,780 - Network Usage: 8.56 MB Sent | 183.88 MB Received
2024-12-08 10:06:04,823 - Network Usage: 8.57 MB Sent | 183.88 MB Received
2024-12-08 10:06:08,860 - Network Usage: 8.58 MB Sent | 184.10 MB Received
2024-12-08 10:06:12,900 - Network Usage: 8.59 MB Sent | 184.22 MB Received
2024-12-08 10:06:16,941 - Network Usage: 8.59 MB Sent | 184.52 MB Received
2024-12-08 10:06:18,332 - System Monitoring Stopped by User
2024-12-08 10:09:23,070 - System Monitoring Started
2024-12-08 10:09:24,076 - Network Usage: 9.08 MB Sent | 191.17 MB Received
2024-12-08 10:09:28,104 - Network Usage: 9.09 MB Sent | 191.18 MB Received
2024-12-08 10:09:32,150 - Network Usage: 9.09 MB Sent | 191.18 MB Received
2024-12-08 10:09:36,190 - Network Usage: 9.09 MB Sent | 191.18 MB Received
2024-12-08 10:09:38,103 - System Monitoring Stopped by User
2024-12-08 10:10:07,816 - System Monitoring Started
2024-12-08 10:10:08,820 - Network Usage: 9.13 MB Sent | 191.20 MB Received
2024-12-08 10:10:12,845 - Network Usage: 9.13 MB Sent | 191.21 MB Received
2024-12-08 10:10:16,893 - Network Usage: 9.13 MB Sent | 191.21 MB Received
2024-12-08 10:10:20,931 - Network Usage: 9.13 MB Sent | 191.21 MB Received
2024-12-08 10:10:24,972 - Network Usage: 9.13 MB Sent | 191.21 MB Received
2024-12-08 10:10:27,510 - System Monitoring Stopped by User
2024-12-08 10:13:37,905 - System Monitoring Started
2024-12-08 10:13:38,910 - Network Usage: 9.21 MB Sent | 191.28 MB Received
2024-12-08 10:13:42,939 - Network Usage: 9.21 MB Sent | 191.29 MB Received
2024-12-08 10:13:46,981 - Network Usage: 9.21 MB Sent | 191.29 MB Received
2024-12-08 10:13:51,023 - Network Usage: 9.23 MB Sent | 191.31 MB Received
2024-12-08 10:13:51,590 - System Monitoring Stopped by User
2024-12-08 10:14:12,094 - System Monitoring Started
2024-12-08 10:14:13,095 - Network Usage: 9.28 MB Sent | 191.40 MB Received
2024-12-08 10:14:17,123 - Network Usage: 9.29 MB Sent | 191.46 MB Received
2024-12-08 10:14:21,165 - Network Usage: 9.29 MB Sent | 191.46 MB Received
2024-12-08 10:14:25,206 - Network Usage: 9.30 MB Sent | 191.47 MB Received
2024-12-08 10:14:29,245 - Network Usage: 9.30 MB Sent | 191.48 MB Received
2024-12-08 10:14:33,286 - Network Usage: 9.30 MB Sent | 191.48 MB Received
2024-12-08 10:14:37,326 - Network Usage: 9.30 MB Sent | 191.48 MB Received
2024-12-08 10:14:41,369 - Network Usage: 9.30 MB Sent | 191.49 MB Received
2024-12-08 10:14:45,408 - Network Usage: 9.30 MB Sent | 191.49 MB Received
2024-12-08 10:14:49,451 - Network Usage: 9.30 MB Sent | 191.49 MB Received
2024-12-08 10:14:53,490 - Network Usage: 9.30 MB Sent | 191.49 MB Received
2024-12-08 10:14:57,530 - Network Usage: 9.30 MB Sent | 191.49 MB Received
2024-12-08 10:15:01,569 - Network Usage: 9.30 MB Sent | 191.49 MB Received
2024-12-08 10:15:05,607 - Network Usage: 9.30 MB Sent | 191.49 MB Received
2024-12-08 10:15:09,647 - Network Usage: 9.30 MB Sent | 191.49 MB Received
2024-12-08 10:15:13,687 - Network Usage: 9.30 MB Sent | 191.49 MB Received
2024-12-08 10:15:17,738 - Network Usage: 9.31 MB Sent | 191.49 MB Received
2024-12-08 10:15:21,778 - Network Usage: 9.31 MB Sent | 191.49 MB Received
2024-12-08 10:15:25,826 - Network Usage: 9.31 MB Sent | 191.49 MB Received
2024-12-08 10:15:29,865 - Network Usage: 9.31 MB Sent | 191.49 MB Received
2024-12-08 10:15:33,909 - Network Usage: 9.31 MB Sent | 191.49 MB Received
2024-12-08 10:15:37,949 - Network Usage: 9.31 MB Sent | 191.49 MB Received
2024-12-08 10:15:41,987 - Network Usage: 9.31 MB Sent | 191.49 MB Received
2024-12-08 10:15:46,028 - Network Usage: 9.31 MB Sent | 191.49 MB Received
2024-12-08 10:15:50,067 - Network Usage: 9.31 MB Sent | 191.49 MB Received
2024-12-08 10:15:54,108 - Network Usage: 9.31 MB Sent | 191.49 MB Received
2024-12-08 10:15:58,148 - Network Usage: 9.31 MB Sent | 191.49 MB Received
2024-12-08 10:16:02,187 - Network Usage: 9.31 MB Sent | 191.49 MB Received
2024-12-08 10:16:06,227 - Network Usage: 9.31 MB Sent | 191.49 MB Received
2024-12-08 10:16:10,265 - Network Usage: 9.31 MB Sent | 191.49 MB Received
2024-12-08 10:16:14,302 - Network Usage: 9.31 MB Sent | 191.49 MB Received
2024-12-08 10:16:18,349 - Network Usage: 9.31 MB Sent | 191.49 MB Received
2024-12-08 10:16:22,392 - Network Usage: 9.31 MB Sent | 191.49 MB Received
2024-12-08 10:16:26,434 - Network Usage: 9.31 MB Sent | 191.49 MB Received
2024-12-08 10:16:30,474 - Network Usage: 9.31 MB Sent | 191.49 MB Received
2024-12-08 10:16:34,515 - Network Usage: 9.31 MB Sent | 191.49 MB Received
2024-12-08 10:16:38,557 - Network Usage: 9.31 MB Sent | 191.49 MB Received
2024-12-08 10:16:42,597 - Network Usage: 9.31 MB Sent | 191.49 MB Received
2024-12-08 10:16:46,642 - Network Usage: 9.31 MB Sent | 191.49 MB Received
2024-12-08 10:16:50,678 - Network Usage: 9.31 MB Sent | 191.49 MB Received
2024-12-08 10:16:54,718 - Network Usage: 9.31 MB Sent | 191.49 MB Received
2024-12-08 10:16:58,760 - Network Usage: 9.31 MB Sent | 191.49 MB Received
2024-12-08 10:17:02,800 - Network Usage: 9.31 MB Sent | 191.49 MB Received
2024-12-08 10:17:06,839 - Network Usage: 9.31 MB Sent | 191.49 MB Received
2024-12-08 10:17:10,880 - Network Usage: 9.31 MB Sent | 191.49 MB Received
2024-12-08 10:17:14,920 - Network Usage: 9.31 MB Sent | 191.49 MB Received
2024-12-08 10:17:18,962 - Network Usage: 9.31 MB Sent | 191.49 MB Received
2024-12-08 10:17:23,004 - Network Usage: 9.31 MB Sent | 191.49 MB Received
2024-12-08 10:17:27,043 - Network Usage: 9.31 MB Sent | 191.49 MB Received
2024-12-08 10:17:31,086 - Network Usage: 9.31 MB Sent | 191.49 MB Received
2024-12-08 10:17:35,128 - Network Usage: 9.31 MB Sent | 191.49 MB Received
2024-12-08 10:17:39,167 - Network Usage: 9.31 MB Sent | 191.49 MB Received
2024-12-08 10:17:43,210 - Network Usage: 9.31 MB Sent | 191.49 MB Received
2024-12-08 10:17:47,254 - Network Usage: 9.31 MB Sent | 191.49 MB Received
2024-12-08 10:17:51,293 - Network Usage: 9.31 MB Sent | 191.49 MB Received
2024-12-08 10:17:55,332 - Network Usage: 9.31 MB Sent | 191.50 MB Received
2024-12-08 10:17:59,370 - Network Usage: 9.32 MB Sent | 191.50 MB Received
2024-12-08 10:18:03,410 - Network Usage: 9.32 MB Sent | 191.50 MB Received
2024-12-08 10:18:07,450 - Network Usage: 9.32 MB Sent | 191.50 MB Received
2024-12-08 10:18:11,495 - Network Usage: 9.32 MB Sent | 191.50 MB Received
2024-12-08 10:18:15,546 - Network Usage: 9.32 MB Sent | 191.50 MB Received
2024-12-08 10:18:19,585 - Network Usage: 9.32 MB Sent | 191.50 MB Received
2024-12-08 10:18:23,626 - Network Usage: 9.32 MB Sent | 191.50 MB Received
2024-12-08 10:18:27,668 - Network Usage: 9.32 MB Sent | 191.50 MB Received
2024-12-08 10:18:31,705 - Network Usage: 9.32 MB Sent | 191.50 MB Received
2024-12-08 10:18:35,732 - Network Usage: 9.32 MB Sent | 191.50 MB Received
2024-12-08 10:18:39,774 - Network Usage: 9.32 MB Sent | 191.50 MB Received
2024-12-08 10:18:43,813 - Network Usage: 9.32 MB Sent | 191.50 MB Received
2024-12-08 10:18:47,854 - Network Usage: 9.32 MB Sent | 191.50 MB Received
2024-12-08 10:18:51,897 - Network Usage: 9.32 MB Sent | 191.50 MB Received
2024-12-08 10:18:55,937 - Network Usage: 9.32 MB Sent | 191.50 MB Received
2024-12-08 10:18:59,977 - Network Usage: 9.32 MB Sent | 191.51 MB Received
2024-12-08 10:19:04,017 - Network Usage: 9.32 MB Sent | 191.51 MB Received
2024-12-08 10:19:08,058 - Network Usage: 9.32 MB Sent | 191.51 MB Received
2024-12-08 10:19:12,104 - Network Usage: 9.32 MB Sent | 191.51 MB Received
2024-12-08 10:19:16,154 - Network Usage: 9.33 MB Sent | 191.57 MB Received
2024-12-08 10:19:20,193 - Network Usage: 9.33 MB Sent | 191.57 MB Received
2024-12-08 10:19:24,236 - Network Usage: 9.33 MB Sent | 191.59 MB Received
2024-12-08 10:19:28,276 - Network Usage: 9.33 MB Sent | 191.59 MB Received
2024-12-08 10:19:32,318 - Network Usage: 9.33 MB Sent | 191.59 MB Received
2024-12-08 10:19:36,358 - Network Usage: 9.33 MB Sent | 191.59 MB Received
2024-12-08 10:19:40,398 - Network Usage: 9.33 MB Sent | 191.59 MB Received
2024-12-08 10:19:44,441 - Network Usage: 9.33 MB Sent | 191.59 MB Received
2024-12-08 10:19:48,491 - Network Usage: 9.33 MB Sent | 191.59 MB Received
2024-12-08 10:19:52,530 - Network Usage: 9.34 MB Sent | 191.59 MB Received
2024-12-08 10:19:56,569 - Network Usage: 9.34 MB Sent | 191.59 MB Received
2024-12-08 10:20:00,619 - Network Usage: 9.34 MB Sent | 191.59 MB Received
2024-12-08 10:20:04,659 - Network Usage: 9.34 MB Sent | 191.59 MB Received
2024-12-08 10:20:08,699 - Network Usage: 9.34 MB Sent | 191.59 MB Received
2024-12-08 10:20:12,743 - Network Usage: 9.34 MB Sent | 191.59 MB Received
2024-12-08 10:20:16,781 - Network Usage: 9.34 MB Sent | 191.59 MB Received
2024-12-08 10:20:20,809 - Network Usage: 9.34 MB Sent | 191.59 MB Received
2024-12-08 10:20:24,845 - Network Usage: 9.34 MB Sent | 191.59 MB Received
2024-12-08 10:20:28,882 - Network Usage: 9.35 MB Sent | 191.59 MB Received
2024-12-08 10:20:32,927 - Network Usage: 9.37 MB Sent | 191.61 MB Received
2024-12-08 10:21:20,945 - Network Usage: 9.38 MB Sent | 191.62 MB Received
2024-12-08 10:21:24,999 - Network Usage: 9.40 MB Sent | 191.63 MB Received
2024-12-08 10:21:29,053 - Network Usage: 9.47 MB Sent | 191.69 MB Received
2024-12-08 10:21:29,859 - System Monitoring Stopped by User
